<?xml version="1.0" encoding="UTF-8"?>
<testng-results skipped="0" failed="0" ignored="0" total="6" passed="6">
  <reporter-output>
  </reporter-output>
  <suite name="Default suite" duration-ms="610" started-at="2022-01-25T22:16:26 IST" finished-at="2022-01-25T22:16:27 IST">
    <groups>
      <group name="cucumber">
        <method signature="AbstractTestNGCucumberTests.runScenario(io.cucumber.testng.PickleWrapper,io.cucumber.testng.FeatureWrapper)[pri:0, instance:cucumberOptions.TestngTestRunner@1195bc3]" name="runScenario" class="io.cucumber.testng.AbstractTestNGCucumberTests"/>
      </group> <!-- cucumber -->
    </groups>
    <test name="Default test" duration-ms="610" started-at="2022-01-25T22:16:26 IST" finished-at="2022-01-25T22:16:27 IST">
      <class name="cucumberOptions.TestngTestRunner">
        <test-method status="PASS" signature="setUpClass(org.testng.ITestContext)[pri:0, instance:cucumberOptions.TestngTestRunner@1195bc3]" name="setUpClass" is-config="true" duration-ms="370" started-at="2022-01-25T22:16:27 IST" finished-at="2022-01-25T22:16:27 IST">
          <params>
            <param index="0">
              <value>
                <![CDATA[org.testng.TestRunner@719fb6]]>
              </value>
            </param>
          </params>
          <reporter-output>
          </reporter-output>
        </test-method> <!-- setUpClass -->
        <test-method status="PASS" signature="runScenario(io.cucumber.testng.PickleWrapper,io.cucumber.testng.FeatureWrapper)[pri:0, instance:cucumberOptions.TestngTestRunner@1195bc3]" name="runScenario" duration-ms="127" started-at="2022-01-25T22:16:27 IST" description="Runs Cucumber Scenarios" data-provider="scenarios" finished-at="2022-01-25T22:16:27 IST">
          <params>
            <param index="0">
              <value>
                <![CDATA["Home Page Default Login"]]>
              </value>
            </param>
            <param index="1">
              <value>
                <![CDATA["Optional[Application Login]"]]>
              </value>
            </param>
          </params>
          <reporter-output>
          </reporter-output>
        </test-method> <!-- runScenario -->
        <test-method status="PASS" signature="runScenario(io.cucumber.testng.PickleWrapper,io.cucumber.testng.FeatureWrapper)[pri:0, instance:cucumberOptions.TestngTestRunner@1195bc3]" name="runScenario" duration-ms="8" started-at="2022-01-25T22:16:27 IST" description="Runs Cucumber Scenarios" data-provider="scenarios" finished-at="2022-01-25T22:16:27 IST">
          <params>
            <param index="0">
              <value>
                <![CDATA["Home Page Default Login"]]>
              </value>
            </param>
            <param index="1">
              <value>
                <![CDATA["Optional[Application Login]"]]>
              </value>
            </param>
          </params>
          <reporter-output>
          </reporter-output>
        </test-method> <!-- runScenario -->
        <test-method status="PASS" signature="runScenario(io.cucumber.testng.PickleWrapper,io.cucumber.testng.FeatureWrapper)[pri:0, instance:cucumberOptions.TestngTestRunner@1195bc3]" name="runScenario" duration-ms="10" started-at="2022-01-25T22:16:27 IST" description="Runs Cucumber Scenarios" data-provider="scenarios" finished-at="2022-01-25T22:16:27 IST">
          <params>
            <param index="0">
              <value>
                <![CDATA["Home Page Default Login"]]>
              </value>
            </param>
            <param index="1">
              <value>
                <![CDATA["Optional[Application Login]"]]>
              </value>
            </param>
          </params>
          <reporter-output>
          </reporter-output>
        </test-method> <!-- runScenario -->
        <test-method status="PASS" signature="runScenario(io.cucumber.testng.PickleWrapper,io.cucumber.testng.FeatureWrapper)[pri:0, instance:cucumberOptions.TestngTestRunner@1195bc3]" name="runScenario" duration-ms="6" started-at="2022-01-25T22:16:27 IST" description="Runs Cucumber Scenarios" data-provider="scenarios" finished-at="2022-01-25T22:16:27 IST">
          <params>
            <param index="0">
              <value>
                <![CDATA["Home Page Default Login"]]>
              </value>
            </param>
            <param index="1">
              <value>
                <![CDATA["Optional[Application Login]"]]>
              </value>
            </param>
          </params>
          <reporter-output>
          </reporter-output>
        </test-method> <!-- runScenario -->
        <test-method status="PASS" signature="runScenario(io.cucumber.testng.PickleWrapper,io.cucumber.testng.FeatureWrapper)[pri:0, instance:cucumberOptions.TestngTestRunner@1195bc3]" name="runScenario" duration-ms="6" started-at="2022-01-25T22:16:27 IST" description="Runs Cucumber Scenarios" data-provider="scenarios" finished-at="2022-01-25T22:16:27 IST">
          <params>
            <param index="0">
              <value>
                <![CDATA["Home Page Default Login"]]>
              </value>
            </param>
            <param index="1">
              <value>
                <![CDATA["Optional[Application Login]"]]>
              </value>
            </param>
          </params>
          <reporter-output>
          </reporter-output>
        </test-method> <!-- runScenario -->
        <test-method status="PASS" signature="runScenario(io.cucumber.testng.PickleWrapper,io.cucumber.testng.FeatureWrapper)[pri:0, instance:cucumberOptions.TestngTestRunner@1195bc3]" name="runScenario" duration-ms="10" started-at="2022-01-25T22:16:27 IST" description="Runs Cucumber Scenarios" data-provider="scenarios" finished-at="2022-01-25T22:16:27 IST">
          <params>
            <param index="0">
              <value>
                <![CDATA["Home Page Default Login"]]>
              </value>
            </param>
            <param index="1">
              <value>
                <![CDATA["Optional[Application Login]"]]>
              </value>
            </param>
          </params>
          <reporter-output>
          </reporter-output>
        </test-method> <!-- runScenario -->
        <test-method status="PASS" signature="tearDownClass()[pri:0, instance:cucumberOptions.TestngTestRunner@1195bc3]" name="tearDownClass" is-config="true" duration-ms="11" started-at="2022-01-25T22:16:27 IST" finished-at="2022-01-25T22:16:27 IST">
          <reporter-output>
          </reporter-output>
        </test-method> <!-- tearDownClass -->
      </class> <!-- cucumberOptions.TestngTestRunner -->
    </test> <!-- Default test -->
  </suite> <!-- Default suite -->
</testng-results>
